2022-01-03 17:19:20,481 - Log4JLogChute initialized using file 'velocity.log'
2022-01-03 17:19:20,483 - Initializing Velocity, Calling init()...
2022-01-03 17:19:20,483 - Starting Apache Velocity v1.7 (compiled: 2010-11-19 12:14:37)
2022-01-03 17:19:20,483 - Default Properties File: org/apache/velocity/runtime/defaults/velocity.properties
2022-01-03 17:19:20,483 - Trying to use logger class org.apache.velocity.runtime.log.AvalonLogChute
2022-01-03 17:19:20,483 - Target log system for org.apache.velocity.runtime.log.AvalonLogChute is not available (java.lang.NoClassDefFoundError: org/apache/log/format/Formatter).  Falling back to next log system...
2022-01-03 17:19:20,484 - Trying to use logger class org.apache.velocity.runtime.log.Log4JLogChute
2022-01-03 17:19:20,484 - Using logger class org.apache.velocity.runtime.log.Log4JLogChute
2022-01-03 17:19:20,526 - ResourceLoader instantiated: org.apache.velocity.runtime.resource.loader.FileResourceLoader
2022-01-03 17:19:20,537 - Do unicode file recognition:  false
2022-01-03 17:19:20,538 - FileResourceLoader : adding path '.'
2022-01-03 17:19:20,674 - ResourceCache: initialized (class org.apache.velocity.runtime.resource.ResourceCacheImpl) with class java.util.Collections$SynchronizedMap cache map.
2022-01-03 17:19:20,694 - Loaded System Directive: org.apache.velocity.runtime.directive.Stop
2022-01-03 17:19:20,712 - Loaded System Directive: org.apache.velocity.runtime.directive.Define
2022-01-03 17:19:20,721 - Loaded System Directive: org.apache.velocity.runtime.directive.Break
2022-01-03 17:19:20,732 - Loaded System Directive: org.apache.velocity.runtime.directive.Evaluate
2022-01-03 17:19:20,736 - Loaded System Directive: org.apache.velocity.runtime.directive.Literal
2022-01-03 17:19:20,748 - Loaded System Directive: org.apache.velocity.runtime.directive.Macro
2022-01-03 17:19:20,761 - Loaded System Directive: org.apache.velocity.runtime.directive.Parse
2022-01-03 17:19:20,766 - Loaded System Directive: org.apache.velocity.runtime.directive.Include
2022-01-03 17:19:20,778 - Loaded System Directive: org.apache.velocity.runtime.directive.Foreach
2022-01-03 17:19:21,041 - Created '20' parsers.
2022-01-03 17:19:21,088 - Velocimacro : "velocimacro.library" is not set.  Trying default library: VM_global_library.vm
2022-01-03 17:19:21,088 - Velocimacro : Default library not found.
2022-01-03 17:19:21,088 - Velocimacro : allowInline = true : VMs can be defined inline in templates
2022-01-03 17:19:21,088 - Velocimacro : allowInlineToOverride = false : VMs defined inline may NOT replace previous VM definitions
2022-01-03 17:19:21,088 - Velocimacro : allowInlineLocal = false : VMs defined inline will be global in scope if allowed.
2022-01-03 17:19:21,088 - Velocimacro : autoload off : VM system will not automatically reload global library macros
2022-01-03 17:19:21,106 - ResourceManager : unable to find resource 'index.vm' in any resource loader.
2022-01-03 17:42:29,712 - Log4JLogChute initialized using file 'velocity.log'
2022-01-03 17:42:29,714 - Initializing Velocity, Calling init()...
2022-01-03 17:42:29,715 - Starting Apache Velocity v1.7 (compiled: 2010-11-19 12:14:37)
2022-01-03 17:42:29,715 - Default Properties File: org/apache/velocity/runtime/defaults/velocity.properties
2022-01-03 17:42:29,715 - Trying to use logger class org.apache.velocity.runtime.log.AvalonLogChute
2022-01-03 17:42:29,715 - Target log system for org.apache.velocity.runtime.log.AvalonLogChute is not available (java.lang.NoClassDefFoundError: org/apache/log/format/Formatter).  Falling back to next log system...
2022-01-03 17:42:29,715 - Trying to use logger class org.apache.velocity.runtime.log.Log4JLogChute
2022-01-03 17:42:29,716 - Using logger class org.apache.velocity.runtime.log.Log4JLogChute
2022-01-03 17:42:29,786 - ResourceLoader instantiated: org.apache.velocity.runtime.resource.loader.FileResourceLoader
2022-01-03 17:42:29,797 - Do unicode file recognition:  false
2022-01-03 17:42:29,798 - FileResourceLoader : adding path '.'
2022-01-03 17:42:29,858 - ResourceCache: initialized (class org.apache.velocity.runtime.resource.ResourceCacheImpl) with class java.util.Collections$SynchronizedMap cache map.
2022-01-03 17:42:29,866 - Loaded System Directive: org.apache.velocity.runtime.directive.Stop
2022-01-03 17:42:29,870 - Loaded System Directive: org.apache.velocity.runtime.directive.Define
2022-01-03 17:42:29,873 - Loaded System Directive: org.apache.velocity.runtime.directive.Break
2022-01-03 17:42:29,875 - Loaded System Directive: org.apache.velocity.runtime.directive.Evaluate
2022-01-03 17:42:29,877 - Loaded System Directive: org.apache.velocity.runtime.directive.Literal
2022-01-03 17:42:29,881 - Loaded System Directive: org.apache.velocity.runtime.directive.Macro
2022-01-03 17:42:29,885 - Loaded System Directive: org.apache.velocity.runtime.directive.Parse
2022-01-03 17:42:29,895 - Loaded System Directive: org.apache.velocity.runtime.directive.Include
2022-01-03 17:42:29,901 - Loaded System Directive: org.apache.velocity.runtime.directive.Foreach
2022-01-03 17:42:30,114 - Created '20' parsers.
2022-01-03 17:42:30,178 - Velocimacro : "velocimacro.library" is not set.  Trying default library: VM_global_library.vm
2022-01-03 17:42:30,183 - Velocimacro : Default library not found.
2022-01-03 17:42:30,183 - Velocimacro : allowInline = true : VMs can be defined inline in templates
2022-01-03 17:42:30,183 - Velocimacro : allowInlineToOverride = false : VMs defined inline may NOT replace previous VM definitions
2022-01-03 17:42:30,183 - Velocimacro : allowInlineLocal = false : VMs defined inline will be global in scope if allowed.
2022-01-03 17:42:30,183 - Velocimacro : autoload off : VM system will not automatically reload global library macros
2022-01-03 17:42:30,209 - ResourceManager : unable to find resource 'index.vm' in any resource loader.
2022-01-04 13:06:26,411 - Log4JLogChute initialized using file 'velocity.log'
2022-01-04 13:06:26,438 - Initializing Velocity, Calling init()...
2022-01-04 13:06:26,438 - Starting Apache Velocity v1.7 (compiled: 2010-11-19 12:14:37)
2022-01-04 13:06:26,438 - Default Properties File: org/apache/velocity/runtime/defaults/velocity.properties
2022-01-04 13:06:26,439 - Trying to use logger class org.apache.velocity.runtime.log.AvalonLogChute
2022-01-04 13:06:26,439 - Target log system for org.apache.velocity.runtime.log.AvalonLogChute is not available (java.lang.NoClassDefFoundError: org/apache/log/format/Formatter).  Falling back to next log system...
2022-01-04 13:06:26,439 - Trying to use logger class org.apache.velocity.runtime.log.Log4JLogChute
2022-01-04 13:06:26,439 - Using logger class org.apache.velocity.runtime.log.Log4JLogChute
2022-01-04 13:06:26,490 - ResourceLoader instantiated: org.apache.velocity.runtime.resource.loader.FileResourceLoader
2022-01-04 13:06:26,494 - Do unicode file recognition:  false
2022-01-04 13:06:26,494 - FileResourceLoader : adding path '.'
2022-01-04 13:06:26,596 - ResourceCache: initialized (class org.apache.velocity.runtime.resource.ResourceCacheImpl) with class java.util.Collections$SynchronizedMap cache map.
2022-01-04 13:06:26,601 - Loaded System Directive: org.apache.velocity.runtime.directive.Stop
2022-01-04 13:06:26,604 - Loaded System Directive: org.apache.velocity.runtime.directive.Define
2022-01-04 13:06:26,620 - Loaded System Directive: org.apache.velocity.runtime.directive.Break
2022-01-04 13:06:26,631 - Loaded System Directive: org.apache.velocity.runtime.directive.Evaluate
2022-01-04 13:06:26,634 - Loaded System Directive: org.apache.velocity.runtime.directive.Literal
2022-01-04 13:06:26,643 - Loaded System Directive: org.apache.velocity.runtime.directive.Macro
2022-01-04 13:06:26,657 - Loaded System Directive: org.apache.velocity.runtime.directive.Parse
2022-01-04 13:06:26,667 - Loaded System Directive: org.apache.velocity.runtime.directive.Include
2022-01-04 13:06:26,691 - Loaded System Directive: org.apache.velocity.runtime.directive.Foreach
2022-01-04 13:06:26,960 - Created '20' parsers.
2022-01-04 13:06:27,003 - Velocimacro : "velocimacro.library" is not set.  Trying default library: VM_global_library.vm
2022-01-04 13:06:27,003 - Velocimacro : Default library not found.
2022-01-04 13:06:27,003 - Velocimacro : allowInline = true : VMs can be defined inline in templates
2022-01-04 13:06:27,004 - Velocimacro : allowInlineToOverride = false : VMs defined inline may NOT replace previous VM definitions
2022-01-04 13:06:27,004 - Velocimacro : allowInlineLocal = false : VMs defined inline will be global in scope if allowed.
2022-01-04 13:06:27,004 - Velocimacro : autoload off : VM system will not automatically reload global library macros
2022-01-04 13:06:27,015 - ResourceManager : unable to find resource 'hello $name' in any resource loader.
2022-01-04 13:08:41,411 - Log4JLogChute initialized using file 'velocity.log'
2022-01-04 13:08:41,418 - Initializing Velocity, Calling init()...
2022-01-04 13:08:41,418 - Starting Apache Velocity v1.7 (compiled: 2010-11-19 12:14:37)
2022-01-04 13:08:41,418 - Default Properties File: org/apache/velocity/runtime/defaults/velocity.properties
2022-01-04 13:08:41,418 - Trying to use logger class org.apache.velocity.runtime.log.AvalonLogChute
2022-01-04 13:08:41,418 - Target log system for org.apache.velocity.runtime.log.AvalonLogChute is not available (java.lang.NoClassDefFoundError: org/apache/log/format/Formatter).  Falling back to next log system...
2022-01-04 13:08:41,418 - Trying to use logger class org.apache.velocity.runtime.log.Log4JLogChute
2022-01-04 13:08:41,426 - Using logger class org.apache.velocity.runtime.log.Log4JLogChute
2022-01-04 13:08:41,461 - ResourceLoader instantiated: org.apache.velocity.runtime.resource.loader.FileResourceLoader
2022-01-04 13:08:41,502 - Do unicode file recognition:  false
2022-01-04 13:08:41,502 - FileResourceLoader : adding path '.'
2022-01-04 13:08:41,617 - ResourceCache: initialized (class org.apache.velocity.runtime.resource.ResourceCacheImpl) with class java.util.Collections$SynchronizedMap cache map.
2022-01-04 13:08:41,626 - Loaded System Directive: org.apache.velocity.runtime.directive.Stop
2022-01-04 13:08:41,672 - Loaded System Directive: org.apache.velocity.runtime.directive.Define
2022-01-04 13:08:41,685 - Loaded System Directive: org.apache.velocity.runtime.directive.Break
2022-01-04 13:08:41,690 - Loaded System Directive: org.apache.velocity.runtime.directive.Evaluate
2022-01-04 13:08:41,691 - Loaded System Directive: org.apache.velocity.runtime.directive.Literal
2022-01-04 13:08:41,719 - Loaded System Directive: org.apache.velocity.runtime.directive.Macro
2022-01-04 13:08:41,722 - Loaded System Directive: org.apache.velocity.runtime.directive.Parse
2022-01-04 13:08:41,760 - Loaded System Directive: org.apache.velocity.runtime.directive.Include
2022-01-04 13:08:41,772 - Loaded System Directive: org.apache.velocity.runtime.directive.Foreach
2022-01-04 13:08:42,099 - Created '20' parsers.
2022-01-04 13:08:42,171 - Velocimacro : "velocimacro.library" is not set.  Trying default library: VM_global_library.vm
2022-01-04 13:08:42,206 - Velocimacro : Default library not found.
2022-01-04 13:08:42,206 - Velocimacro : allowInline = true : VMs can be defined inline in templates
2022-01-04 13:08:42,206 - Velocimacro : allowInlineToOverride = false : VMs defined inline may NOT replace previous VM definitions
2022-01-04 13:08:42,206 - Velocimacro : allowInlineLocal = false : VMs defined inline will be global in scope if allowed.
2022-01-04 13:08:42,206 - Velocimacro : autoload off : VM system will not automatically reload global library macros
2022-01-04 13:08:42,210 - ResourceManager : unable to find resource 'abc.vm' in any resource loader.
2022-01-04 13:09:13,119 - Log4JLogChute initialized using file 'velocity.log'
2022-01-04 13:09:13,121 - Initializing Velocity, Calling init()...
2022-01-04 13:09:13,121 - Starting Apache Velocity v1.7 (compiled: 2010-11-19 12:14:37)
2022-01-04 13:09:13,121 - Default Properties File: org/apache/velocity/runtime/defaults/velocity.properties
2022-01-04 13:09:13,121 - Trying to use logger class org.apache.velocity.runtime.log.AvalonLogChute
2022-01-04 13:09:13,121 - Target log system for org.apache.velocity.runtime.log.AvalonLogChute is not available (java.lang.NoClassDefFoundError: org/apache/log/format/Formatter).  Falling back to next log system...
2022-01-04 13:09:13,121 - Trying to use logger class org.apache.velocity.runtime.log.Log4JLogChute
2022-01-04 13:09:13,129 - Using logger class org.apache.velocity.runtime.log.Log4JLogChute
2022-01-04 13:09:13,183 - ResourceLoader instantiated: org.apache.velocity.runtime.resource.loader.FileResourceLoader
2022-01-04 13:09:13,195 - Do unicode file recognition:  false
2022-01-04 13:09:13,195 - FileResourceLoader : adding path '.'
2022-01-04 13:09:13,317 - ResourceCache: initialized (class org.apache.velocity.runtime.resource.ResourceCacheImpl) with class java.util.Collections$SynchronizedMap cache map.
2022-01-04 13:09:13,338 - Loaded System Directive: org.apache.velocity.runtime.directive.Stop
2022-01-04 13:09:13,342 - Loaded System Directive: org.apache.velocity.runtime.directive.Define
2022-01-04 13:09:13,344 - Loaded System Directive: org.apache.velocity.runtime.directive.Break
2022-01-04 13:09:13,346 - Loaded System Directive: org.apache.velocity.runtime.directive.Evaluate
2022-01-04 13:09:13,347 - Loaded System Directive: org.apache.velocity.runtime.directive.Literal
2022-01-04 13:09:13,360 - Loaded System Directive: org.apache.velocity.runtime.directive.Macro
2022-01-04 13:09:13,364 - Loaded System Directive: org.apache.velocity.runtime.directive.Parse
2022-01-04 13:09:13,376 - Loaded System Directive: org.apache.velocity.runtime.directive.Include
2022-01-04 13:09:13,379 - Loaded System Directive: org.apache.velocity.runtime.directive.Foreach
2022-01-04 13:09:13,798 - Created '20' parsers.
2022-01-04 13:09:13,944 - Velocimacro : "velocimacro.library" is not set.  Trying default library: VM_global_library.vm
2022-01-04 13:09:13,950 - Velocimacro : Default library not found.
2022-01-04 13:09:13,956 - Velocimacro : allowInline = true : VMs can be defined inline in templates
2022-01-04 13:09:13,959 - Velocimacro : allowInlineToOverride = false : VMs defined inline may NOT replace previous VM definitions
2022-01-04 13:09:13,959 - Velocimacro : allowInlineLocal = false : VMs defined inline will be global in scope if allowed.
2022-01-04 13:09:13,959 - Velocimacro : autoload off : VM system will not automatically reload global library macros
2022-01-04 13:09:13,979 - ResourceManager : unable to find resource 'abc.vm' in any resource loader.
2022-01-04 13:11:46,666 - Log4JLogChute initialized using file 'velocity.log'
2022-01-04 13:11:46,672 - Initializing Velocity, Calling init()...
2022-01-04 13:11:46,672 - Starting Apache Velocity v1.7 (compiled: 2010-11-19 12:14:37)
2022-01-04 13:11:46,672 - Default Properties File: org/apache/velocity/runtime/defaults/velocity.properties
2022-01-04 13:11:46,673 - Trying to use logger class org.apache.velocity.runtime.log.AvalonLogChute
2022-01-04 13:11:46,673 - Target log system for org.apache.velocity.runtime.log.AvalonLogChute is not available (java.lang.NoClassDefFoundError: org/apache/log/format/Formatter).  Falling back to next log system...
2022-01-04 13:11:46,673 - Trying to use logger class org.apache.velocity.runtime.log.Log4JLogChute
2022-01-04 13:11:46,674 - Using logger class org.apache.velocity.runtime.log.Log4JLogChute
2022-01-04 13:11:46,716 - ResourceLoader instantiated: org.apache.velocity.runtime.resource.loader.FileResourceLoader
2022-01-04 13:11:46,754 - Do unicode file recognition:  false
2022-01-04 13:11:46,763 - FileResourceLoader : adding path '.'
2022-01-04 13:11:47,023 - ResourceCache: initialized (class org.apache.velocity.runtime.resource.ResourceCacheImpl) with class java.util.Collections$SynchronizedMap cache map.
2022-01-04 13:11:47,070 - Loaded System Directive: org.apache.velocity.runtime.directive.Stop
2022-01-04 13:11:47,095 - Loaded System Directive: org.apache.velocity.runtime.directive.Define
2022-01-04 13:11:47,109 - Loaded System Directive: org.apache.velocity.runtime.directive.Break
2022-01-04 13:11:47,123 - Loaded System Directive: org.apache.velocity.runtime.directive.Evaluate
2022-01-04 13:11:47,137 - Loaded System Directive: org.apache.velocity.runtime.directive.Literal
2022-01-04 13:11:47,158 - Loaded System Directive: org.apache.velocity.runtime.directive.Macro
2022-01-04 13:11:47,188 - Loaded System Directive: org.apache.velocity.runtime.directive.Parse
2022-01-04 13:11:47,253 - Loaded System Directive: org.apache.velocity.runtime.directive.Include
2022-01-04 13:11:47,273 - Loaded System Directive: org.apache.velocity.runtime.directive.Foreach
2022-01-04 13:11:47,606 - Created '20' parsers.
2022-01-04 13:11:47,666 - Velocimacro : "velocimacro.library" is not set.  Trying default library: VM_global_library.vm
2022-01-04 13:11:47,669 - Velocimacro : Default library not found.
2022-01-04 13:11:47,670 - Velocimacro : allowInline = true : VMs can be defined inline in templates
2022-01-04 13:11:47,670 - Velocimacro : allowInlineToOverride = false : VMs defined inline may NOT replace previous VM definitions
2022-01-04 13:11:47,670 - Velocimacro : allowInlineLocal = false : VMs defined inline will be global in scope if allowed.
2022-01-04 13:11:47,670 - Velocimacro : autoload off : VM system will not automatically reload global library macros
2022-01-04 13:11:47,703 - Log4JLogChute initialized using file 'velocity.log'
2022-01-04 13:11:47,703 - Log4JLogChute initialized using file 'velocity.log'
2022-01-04 13:11:47,703 - Initializing Velocity, Calling init()...
2022-01-04 13:11:47,703 - Initializing Velocity, Calling init()...
2022-01-04 13:11:47,704 - Starting Apache Velocity v1.7 (compiled: 2010-11-19 12:14:37)
2022-01-04 13:11:47,704 - Starting Apache Velocity v1.7 (compiled: 2010-11-19 12:14:37)
2022-01-04 13:11:47,704 - Default Properties File: org/apache/velocity/runtime/defaults/velocity.properties
2022-01-04 13:11:47,704 - Default Properties File: org/apache/velocity/runtime/defaults/velocity.properties
2022-01-04 13:11:47,704 - Trying to use logger class org.apache.velocity.runtime.log.AvalonLogChute
2022-01-04 13:11:47,704 - Trying to use logger class org.apache.velocity.runtime.log.AvalonLogChute
2022-01-04 13:11:47,704 - Target log system for org.apache.velocity.runtime.log.AvalonLogChute is not available (java.lang.NoClassDefFoundError: org/apache/log/format/Formatter).  Falling back to next log system...
2022-01-04 13:11:47,704 - Target log system for org.apache.velocity.runtime.log.AvalonLogChute is not available (java.lang.NoClassDefFoundError: org/apache/log/format/Formatter).  Falling back to next log system...
2022-01-04 13:11:47,704 - Trying to use logger class org.apache.velocity.runtime.log.Log4JLogChute
2022-01-04 13:11:47,704 - Trying to use logger class org.apache.velocity.runtime.log.Log4JLogChute
2022-01-04 13:11:47,704 - Using logger class org.apache.velocity.runtime.log.Log4JLogChute
2022-01-04 13:11:47,704 - Using logger class org.apache.velocity.runtime.log.Log4JLogChute
2022-01-04 13:11:47,705 - ResourceLoader instantiated: org.apache.velocity.runtime.resource.loader.FileResourceLoader
2022-01-04 13:11:47,705 - ResourceLoader instantiated: org.apache.velocity.runtime.resource.loader.FileResourceLoader
2022-01-04 13:11:47,705 - Do unicode file recognition:  false
2022-01-04 13:11:47,705 - Do unicode file recognition:  false
2022-01-04 13:11:47,706 - FileResourceLoader : adding path '.'
2022-01-04 13:11:47,706 - FileResourceLoader : adding path '.'
2022-01-04 13:11:47,706 - ResourceCache: initialized (class org.apache.velocity.runtime.resource.ResourceCacheImpl) with class java.util.Collections$SynchronizedMap cache map.
2022-01-04 13:11:47,706 - ResourceCache: initialized (class org.apache.velocity.runtime.resource.ResourceCacheImpl) with class java.util.Collections$SynchronizedMap cache map.
2022-01-04 13:11:47,715 - Loaded System Directive: org.apache.velocity.runtime.directive.Stop
2022-01-04 13:11:47,715 - Loaded System Directive: org.apache.velocity.runtime.directive.Stop
2022-01-04 13:11:47,715 - Loaded System Directive: org.apache.velocity.runtime.directive.Define
2022-01-04 13:11:47,715 - Loaded System Directive: org.apache.velocity.runtime.directive.Define
2022-01-04 13:11:47,716 - Loaded System Directive: org.apache.velocity.runtime.directive.Break
2022-01-04 13:11:47,716 - Loaded System Directive: org.apache.velocity.runtime.directive.Break
2022-01-04 13:11:47,716 - Loaded System Directive: org.apache.velocity.runtime.directive.Evaluate
2022-01-04 13:11:47,716 - Loaded System Directive: org.apache.velocity.runtime.directive.Evaluate
2022-01-04 13:11:47,716 - Loaded System Directive: org.apache.velocity.runtime.directive.Literal
2022-01-04 13:11:47,716 - Loaded System Directive: org.apache.velocity.runtime.directive.Literal
2022-01-04 13:11:47,716 - Loaded System Directive: org.apache.velocity.runtime.directive.Macro
2022-01-04 13:11:47,716 - Loaded System Directive: org.apache.velocity.runtime.directive.Macro
2022-01-04 13:11:47,717 - Loaded System Directive: org.apache.velocity.runtime.directive.Parse
2022-01-04 13:11:47,717 - Loaded System Directive: org.apache.velocity.runtime.directive.Parse
2022-01-04 13:11:47,721 - Loaded System Directive: org.apache.velocity.runtime.directive.Include
2022-01-04 13:11:47,721 - Loaded System Directive: org.apache.velocity.runtime.directive.Include
2022-01-04 13:11:47,722 - Loaded System Directive: org.apache.velocity.runtime.directive.Foreach
2022-01-04 13:11:47,722 - Loaded System Directive: org.apache.velocity.runtime.directive.Foreach
2022-01-04 13:11:47,754 - Created '20' parsers.
2022-01-04 13:11:47,754 - Created '20' parsers.
2022-01-04 13:11:47,757 - Velocimacro : "velocimacro.library" is not set.  Trying default library: VM_global_library.vm
2022-01-04 13:11:47,757 - Velocimacro : "velocimacro.library" is not set.  Trying default library: VM_global_library.vm
2022-01-04 13:11:47,757 - Velocimacro : Default library not found.
2022-01-04 13:11:47,757 - Velocimacro : Default library not found.
2022-01-04 13:11:47,757 - Velocimacro : allowInline = true : VMs can be defined inline in templates
2022-01-04 13:11:47,757 - Velocimacro : allowInline = true : VMs can be defined inline in templates
2022-01-04 13:11:47,758 - Velocimacro : allowInlineToOverride = false : VMs defined inline may NOT replace previous VM definitions
2022-01-04 13:11:47,758 - Velocimacro : allowInlineToOverride = false : VMs defined inline may NOT replace previous VM definitions
2022-01-04 13:11:47,758 - Velocimacro : allowInlineLocal = false : VMs defined inline will be global in scope if allowed.
2022-01-04 13:11:47,758 - Velocimacro : allowInlineLocal = false : VMs defined inline will be global in scope if allowed.
2022-01-04 13:11:47,758 - Velocimacro : autoload off : VM system will not automatically reload global library macros
2022-01-04 13:11:47,758 - Velocimacro : autoload off : VM system will not automatically reload global library macros
